<?xml version="1.0" encoding="UTF-8"?>
<!-- Generated by org.testng.reporters.JUnitXMLReporter -->
<testsuite ignored="2" hostname="Lenovo-PC" failures="0" tests="1" name="Default test" time="0.085" errors="0" timestamp="2023-01-05T11:32:18 IST">
  <testcase classname="testengine.example10" name="TC3" time="0.017"/>
  <testcase classname="testengine.example10" name="TC1" time="0.0">
    <ignored/>
  </testcase> <!-- TC1 -->
  <testcase classname="testengine.example10" name="TC2" time="0.0">
    <ignored/>
  </testcase> <!-- TC2 -->
</testsuite> <!-- Default test -->
