<?xml version="1.0" encoding="UTF-8"?>
<testng-results ignored="0" total="1" passed="1" failed="0" skipped="0">
  <reporter-output>
  </reporter-output>
  <suite started-at="2023-01-11T20:10:10 IST" name="Suite" finished-at="2023-01-11T20:10:25 IST" duration-ms="15283">
    <groups>
    </groups>
    <test started-at="2023-01-11T20:10:10 IST" name="Test" finished-at="2023-01-11T20:10:25 IST" duration-ms="15283">
      <class name="testengine.example20_multi_browsingtesting">
        <test-method signature="multibrowingtesting(java.lang.String)[pri:0, instance:testengine.example20_multi_browsingtesting@306f16f3]" started-at="2023-01-11T20:10:10 IST" name="multibrowingtesting" finished-at="2023-01-11T20:10:25 IST" duration-ms="15220" status="PASS">
          <params>
            <param index="0">
              <value>
                <![CDATA[chrome]]>
              </value>
            </param>
          </params>
          <reporter-output>
          </reporter-output>
        </test-method> <!-- multibrowingtesting -->
      </class> <!-- testengine.example20_multi_browsingtesting -->
    </test> <!-- Test -->
  </suite> <!-- Suite -->
</testng-results>
